<?xml version="1.0" encoding="UTF-8"?>
<!-- Generated by org.testng.reporters.JUnitReportReporter -->
<testsuite hostname="CAPTAINS-LAPPY" failures="0" tests="4" name="com.amazon.qa.tests.LinkPageTest" time="36.890" errors="0" timestamp="2022-01-11T21:21:01 EST" skipped="0">
  <testcase classname="com.amazon.qa.tests.LinkPageTest" name="afterLoginTitle" time="6.891"/>
  <system-out/>
  <testcase classname="com.amazon.qa.tests.LinkPageTest" name="verifyUsername" time="7.503"/>
  <system-out/>
  <testcase classname="com.amazon.qa.tests.LinkPageTest" name="enterName" time="7.456"/>
  <system-out/>
  <testcase classname="com.amazon.qa.tests.LinkPageTest" name="clickOnAcc" time="15.040"/>
  <system-out/>
</testsuite> <!-- com.amazon.qa.tests.LinkPageTest -->
