<?xml version="1.0" encoding="UTF-8"?>
<!-- Generated by org.testng.reporters.JUnitReportReporter -->
<testsuite hostname="CAPTAINS-LAPPY" failures="0" tests="2" name="com.amazon.qa.tests.PageTest" time="11.935" errors="0" timestamp="2022-01-11T21:21:01 EST" skipped="0">
  <testcase classname="com.amazon.qa.tests.PageTest" name="pageTitle" time="5.009"/>
  <system-out/>
  <testcase classname="com.amazon.qa.tests.PageTest" name="loginTest" time="6.926"/>
  <system-out/>
</testsuite> <!-- com.amazon.qa.tests.PageTest -->
