<?xml version="1.0" encoding="UTF-8"?>
<!-- Generated by org.testng.reporters.JUnitReportReporter -->
<testsuite hostname="CAPTAINS-LAPPY" failures="0" tests="1" name="com.amazon.qa.tests.LoginPageTest" time="8.139" errors="0" timestamp="2022-01-11T21:21:01 EST" skipped="0">
  <testcase classname="com.amazon.qa.tests.LoginPageTest" name="planDisplayVerifyTest" time="8.139"/>
  <system-out/>
</testsuite> <!-- com.amazon.qa.tests.LoginPageTest -->
