<?xml version="1.0" encoding="UTF-8"?>
<!-- Generated by org.testng.reporters.JUnitReportReporter -->
<testsuite hostname="CAPTAINS-LAPPY" failures="0" tests="2" name="com.amazon.qa.tests.PageTest" time="110.047" errors="0" timestamp="2022-01-11T22:18:40 EST" skipped="0">
  <testcase classname="com.amazon.qa.tests.PageTest" name="pageTitle" time="85.303"/>
  <system-out/>
  <testcase classname="com.amazon.qa.tests.PageTest" name="loginTest" time="24.744"/>
  <system-out/>
</testsuite> <!-- com.amazon.qa.tests.PageTest -->
