<?xml version="1.0" encoding="UTF-8"?>
<!-- Generated by org.testng.reporters.JUnitReportReporter -->
<testsuite hostname="CAPTAINS-LAPPY" failures="0" tests="4" name="com.amazon.qa.tests.LinkPageTest" time="112.723" errors="0" timestamp="2022-01-11T22:18:40 EST" skipped="0">
  <testcase classname="com.amazon.qa.tests.LinkPageTest" name="afterLoginTitle" time="27.714"/>
  <system-out/>
  <testcase classname="com.amazon.qa.tests.LinkPageTest" name="verifyUsername" time="33.524"/>
  <system-out/>
  <testcase classname="com.amazon.qa.tests.LinkPageTest" name="clickOnAcc" time="28.567"/>
  <system-out/>
  <testcase classname="com.amazon.qa.tests.LinkPageTest" name="enterName" time="22.918"/>
  <system-out/>
</testsuite> <!-- com.amazon.qa.tests.LinkPageTest -->
